c:\users\yanxi\onedrive - university of calgary\code\rtklibremote\rtklib\app\rnx2rtkp\msc2019\debug\vc142.pdb
c:\users\yanxi\onedrive - university of calgary\code\rtklibremote\rtklib\app\rnx2rtkp\msc2019\debug\vc142.idb
c:\users\yanxi\onedrive - university of calgary\code\rtklibremote\rtklib\app\rnx2rtkp\msc2019\debug\rtkpos.obj
c:\users\yanxi\onedrive - university of calgary\code\rtklibremote\rtklib\app\rnx2rtkp\msc2019\debug\rtkcmn.obj
c:\users\yanxi\onedrive - university of calgary\code\rtklibremote\rtklib\app\rnx2rtkp\msc2019\debug\rtcm3e.obj
c:\users\yanxi\onedrive - university of calgary\code\rtklibremote\rtklib\app\rnx2rtkp\msc2019\debug\rtcm3.obj
c:\users\yanxi\onedrive - university of calgary\code\rtklibremote\rtklib\app\rnx2rtkp\msc2019\debug\rtcm2.obj
c:\users\yanxi\onedrive - university of calgary\code\rtklibremote\rtklib\app\rnx2rtkp\msc2019\debug\rtcm.obj
c:\users\yanxi\onedrive - university of calgary\code\rtklibremote\rtklib\app\rnx2rtkp\msc2019\debug\rnx2rtkp.obj
c:\users\yanxi\onedrive - university of calgary\code\rtklibremote\rtklib\app\rnx2rtkp\msc2019\debug\rinex.obj
c:\users\yanxi\onedrive - university of calgary\code\rtklibremote\rtklib\app\rnx2rtkp\msc2019\debug\qzslex.obj
c:\users\yanxi\onedrive - university of calgary\code\rtklibremote\rtklib\app\rnx2rtkp\msc2019\debug\preceph.obj
c:\users\yanxi\onedrive - university of calgary\code\rtklibremote\rtklib\app\rnx2rtkp\msc2019\debug\ppp_corr.obj
c:\users\yanxi\onedrive - university of calgary\code\rtklibremote\rtklib\app\rnx2rtkp\msc2019\debug\ppp_ar.obj
c:\users\yanxi\onedrive - university of calgary\code\rtklibremote\rtklib\app\rnx2rtkp\msc2019\debug\ppp.obj
c:\users\yanxi\onedrive - university of calgary\code\rtklibremote\rtklib\app\rnx2rtkp\msc2019\debug\postpos.obj
c:\users\yanxi\onedrive - university of calgary\code\rtklibremote\rtklib\app\rnx2rtkp\msc2019\debug\pntpos.obj
c:\users\yanxi\onedrive - university of calgary\code\rtklibremote\rtklib\app\rnx2rtkp\msc2019\debug\options.obj
c:\users\yanxi\onedrive - university of calgary\code\rtklibremote\rtklib\app\rnx2rtkp\msc2019\debug\lambda.obj
c:\users\yanxi\onedrive - university of calgary\code\rtklibremote\rtklib\app\rnx2rtkp\msc2019\debug\ionex.obj
c:\users\yanxi\onedrive - university of calgary\code\rtklibremote\rtklib\app\rnx2rtkp\msc2019\debug\geoid.obj
c:\users\yanxi\onedrive - university of calgary\code\rtklibremote\rtklib\app\rnx2rtkp\msc2019\debug\ephemeris.obj
c:\users\yanxi\onedrive - university of calgary\code\rtklibremote\rtklib\app\rnx2rtkp\msc2019\debug\tides.obj
c:\users\yanxi\onedrive - university of calgary\code\rtklibremote\rtklib\app\rnx2rtkp\msc2019\debug\solution.obj
c:\users\yanxi\onedrive - university of calgary\code\rtklibremote\rtklib\app\rnx2rtkp\msc2019\debug\sbas.obj
c:\users\yanxi\onedrive - university of calgary\code\rtklibremote\rtklib\app\rnx2rtkp\msc2019\debug\msc.ilk
c:\users\yanxi\onedrive - university of calgary\code\rtklibremote\rtklib\app\rnx2rtkp\msc2019\debug\msc.exe
c:\users\yanxi\onedrive - university of calgary\code\rtklibremote\rtklib\app\rnx2rtkp\msc2019\debug\msc.pdb
c:\users\yanxi\onedrive - university of calgary\code\rtklibremote\rtklib\app\rnx2rtkp\msc2019\debug\msc.tlog\cl.command.1.tlog
c:\users\yanxi\onedrive - university of calgary\code\rtklibremote\rtklib\app\rnx2rtkp\msc2019\debug\msc.tlog\cl.read.1.tlog
c:\users\yanxi\onedrive - university of calgary\code\rtklibremote\rtklib\app\rnx2rtkp\msc2019\debug\msc.tlog\cl.write.1.tlog
c:\users\yanxi\onedrive - university of calgary\code\rtklibremote\rtklib\app\rnx2rtkp\msc2019\debug\msc.tlog\link.command.1.tlog
c:\users\yanxi\onedrive - university of calgary\code\rtklibremote\rtklib\app\rnx2rtkp\msc2019\debug\msc.tlog\link.read.1.tlog
c:\users\yanxi\onedrive - university of calgary\code\rtklibremote\rtklib\app\rnx2rtkp\msc2019\debug\msc.tlog\link.write.1.tlog
