C:\Program Files (x86)\Microsoft Visual Studio\2019\Community\MSBuild\Microsoft\VC\v160\Microsoft.CppBuild.targets(467,5): warning MSB8028: 中间目录(Debug\)包含从另一个项目(msc-DESKTOP-5VO7KA4-2.vcxproj, msc-DESKTOP-5VO7KA4.vcxproj)共享的文件。   这会导致错误的清除和重新生成行为。
  ephemeris.c
  geoid.c
  ionex.c
  lambda.c
  options.c
  pntpos.c
  postpos.c
  ppp.c
  ppp_ar.c
  ppp_corr.c
  preceph.c
  qzslex.c
  rinex.c
  rnx2rtkp.c
  rtcm.c
  rtcm2.c
  rtcm3.c
  rtcm3e.c
  rtkcmn.c
  rtkpos.c
  正在生成代码...
  正在编译...
  sbas.c
  solution.c
  tides.c
  正在生成代码...
  msc.vcxproj -> C:\Users\yanxi\OneDrive - University of Calgary\CODE\RTKLIBRemote\RTKLIB\app\rnx2rtkp\msc2019\Debug\msc.exe
