C:\Program Files (x86)\MSBuild\Microsoft.Cpp\v4.0\V120\Microsoft.CppBuild.targets(388,5): warning MSB8028: The intermediate directory (Debug\) contains files shared from another project (msc-DESKTOP-5VO7KA4-2.vcxproj, msc-DESKTOP-5VO7KA4.vcxproj).  This can lead to incorrect clean and rebuild behavior.
  tides.c
  solution.c
  sbas.c
  rtkpos.c
  rtkcmn.c
  rtcm3e.c
  rtcm3.c
  rtcm2.c
  rtcm.c
  rnx2rtkp.c
  rinex.c
  qzslex.c
  preceph.c
  ppp_corr.c
  ppp_ar.c
  ppp.c
  postpos.c
  pntpos.c
  options.c
  lambda.c
  Generating Code...
  Compiling...
  ionex.c
  geoid.c
  ephemeris.c
  Generating Code...
  msc.vcxproj -> C:\Users\user\OneDrive - University of Calgary\CODE\RTKLIBRemote\RTKLIB\app\rnx2rtkp\msc\Debug\msc.exe
