c:\users\user\onedrive - university of calgary\code\rtklibremote\rtklib\app\rnx2rtkp\msc\debug\vc120.pdb
c:\users\user\onedrive - university of calgary\code\rtklibremote\rtklib\app\rnx2rtkp\msc\debug\vc120.idb
c:\users\user\onedrive - university of calgary\code\rtklibremote\rtklib\app\rnx2rtkp\msc\debug\lambda.obj
c:\users\user\onedrive - university of calgary\code\rtklibremote\rtklib\app\rnx2rtkp\msc\debug\options.obj
c:\users\user\onedrive - university of calgary\code\rtklibremote\rtklib\app\rnx2rtkp\msc\debug\pntpos.obj
c:\users\user\onedrive - university of calgary\code\rtklibremote\rtklib\app\rnx2rtkp\msc\debug\postpos.obj
c:\users\user\onedrive - university of calgary\code\rtklibremote\rtklib\app\rnx2rtkp\msc\debug\ppp.obj
c:\users\user\onedrive - university of calgary\code\rtklibremote\rtklib\app\rnx2rtkp\msc\debug\ppp_ar.obj
c:\users\user\onedrive - university of calgary\code\rtklibremote\rtklib\app\rnx2rtkp\msc\debug\ppp_corr.obj
c:\users\user\onedrive - university of calgary\code\rtklibremote\rtklib\app\rnx2rtkp\msc\debug\preceph.obj
c:\users\user\onedrive - university of calgary\code\rtklibremote\rtklib\app\rnx2rtkp\msc\debug\qzslex.obj
c:\users\user\onedrive - university of calgary\code\rtklibremote\rtklib\app\rnx2rtkp\msc\debug\rinex.obj
c:\users\user\onedrive - university of calgary\code\rtklibremote\rtklib\app\rnx2rtkp\msc\debug\rnx2rtkp.obj
c:\users\user\onedrive - university of calgary\code\rtklibremote\rtklib\app\rnx2rtkp\msc\debug\rtcm.obj
c:\users\user\onedrive - university of calgary\code\rtklibremote\rtklib\app\rnx2rtkp\msc\debug\rtcm2.obj
c:\users\user\onedrive - university of calgary\code\rtklibremote\rtklib\app\rnx2rtkp\msc\debug\rtcm3.obj
c:\users\user\onedrive - university of calgary\code\rtklibremote\rtklib\app\rnx2rtkp\msc\debug\rtcm3e.obj
c:\users\user\onedrive - university of calgary\code\rtklibremote\rtklib\app\rnx2rtkp\msc\debug\rtkcmn.obj
c:\users\user\onedrive - university of calgary\code\rtklibremote\rtklib\app\rnx2rtkp\msc\debug\rtkpos.obj
c:\users\user\onedrive - university of calgary\code\rtklibremote\rtklib\app\rnx2rtkp\msc\debug\sbas.obj
c:\users\user\onedrive - university of calgary\code\rtklibremote\rtklib\app\rnx2rtkp\msc\debug\solution.obj
c:\users\user\onedrive - university of calgary\code\rtklibremote\rtklib\app\rnx2rtkp\msc\debug\tides.obj
c:\users\user\onedrive - university of calgary\code\rtklibremote\rtklib\app\rnx2rtkp\msc\debug\ephemeris.obj
c:\users\user\onedrive - university of calgary\code\rtklibremote\rtklib\app\rnx2rtkp\msc\debug\geoid.obj
c:\users\user\onedrive - university of calgary\code\rtklibremote\rtklib\app\rnx2rtkp\msc\debug\ionex.obj
c:\users\user\onedrive - university of calgary\code\rtklibremote\rtklib\app\rnx2rtkp\msc\debug\msc.ilk
c:\users\user\onedrive - university of calgary\code\rtklibremote\rtklib\app\rnx2rtkp\msc\debug\msc.exe
c:\users\user\onedrive - university of calgary\code\rtklibremote\rtklib\app\rnx2rtkp\msc\debug\msc.pdb
c:\users\user\onedrive - university of calgary\code\rtklibremote\rtklib\app\rnx2rtkp\msc\debug\msc.tlog\cl.command.1.tlog
c:\users\user\onedrive - university of calgary\code\rtklibremote\rtklib\app\rnx2rtkp\msc\debug\msc.tlog\cl.read.1.tlog
c:\users\user\onedrive - university of calgary\code\rtklibremote\rtklib\app\rnx2rtkp\msc\debug\msc.tlog\cl.write.1.tlog
c:\users\user\onedrive - university of calgary\code\rtklibremote\rtklib\app\rnx2rtkp\msc\debug\msc.tlog\link.command.1.tlog
c:\users\user\onedrive - university of calgary\code\rtklibremote\rtklib\app\rnx2rtkp\msc\debug\msc.tlog\link.read.1.tlog
c:\users\user\onedrive - university of calgary\code\rtklibremote\rtklib\app\rnx2rtkp\msc\debug\msc.tlog\link.write.1.tlog
